Arguments: 
  C:\Program Files\nodejs\node.exe C:\Users\gx8\AppData\Roaming\npm\node_modules\yarn\bin\yarn.js add vuepress --global

PATH: 
  C:\Users\gx8\bin;C:\Program Files\Git\mingw64\bin;C:\Program Files\Git\usr\local\bin;C:\Program Files\Git\usr\bin;C:\Program Files\Git\usr\bin;C:\Program Files\Git\mingw64\bin;C:\Program Files\Git\usr\bin;C:\Users\gx8\bin;C:\Windows\system32;C:\Windows;C:\Windows\System32\Wbem;C:\Windows\System32\WindowsPowerShell\v1.0;C:\Windows\System32\OpenSSH;C:\Program Files\Java\jdk1.8.0_281\bin;C:\Users\gx8\Documents\work\apache-maven-3.8.2\bin;C:\Program Files\TortoiseSVN\bin;C:\Program Files (x86)\Microsoft SQL Server\150\DTS\Binn;C:\Program Files\Azure Data Studio\bin;C:\Pro;ram Files (x86)\NVIDIA Corporation\PhysX\Common;C:\Program Files (x86)\ZeroTier\One;C:\Program Files\Git\cmd;C:\Users\gx8\AppData\Roaming\nvm;C:\Program Files\nodejs;C:\Program Files (x86)\Tencent\微信web开发者工具\dll;C:\Users\gx8\AppData\Local\Microsoft\WindowsApps;C:\Users\gx8\AppData\Local\Programs\Microsoft VS Code\bin;C:\Users\gx8\AppData\Roaming\npm;C:\Program Files\Azure Data Studio\bin;C:\Users\gx8\AppData\Roaming\nvm;C:\Program Files\nodejs;C:\Program Files (x86)\MyDrivers\DriverGenius;C:\Program Files (x86)\MyDrivers\DriverGenius\ksoft;C:\Program Files\Git\usr\bin\vendor_perl;C:\Program Files\Git\usr\bin\core_perl

Yarn version: 
  1.22.18

Node version: 
  16.13.1

Platform: 
  win32 x64

Trace: 
  Error: certificate has expired
      at TLSSocket.onConnectSecure (node:_tls_wrap:1530:34)
      at TLSSocket.emit (node:events:390:28)
      at TLSSocket._finishInit (node:_tls_wrap:944:8)
      at TLSWrap.ssl.onhandshakedone (node:_tls_wrap:725:12)

npm manifest: 
  {
    "name": "doc-onesugar-web",
    "version": "1.0.0",
    "description": "",
    "main": "index.js",
    "directories": {
      "doc": "docs"
    },
    "scripts": {
      "dev": "vuepress dev docs",
      "build": "vuepress build docs",
      "docs:build": "vuepress build docs",
      "deploy-gh": "npm run build && bash scripts/deploy-gh.sh"
    },
    "repository": {
      "type": "git",
      "url": "git+https://github.com/ArleneLiu001/doc-onesugar-web.git"
    },
    "keywords": [],
    "author": "",
    "license": "ISC",
    "bugs": {
      "url": "https://github.com/ArleneLiu001/doc-onesugar-web/issues"
    },
    "homepage": "https://github.com/ArleneLiu001/doc-onesugar-web#readme",
    "dependencies": {
      "ant-design-vue": "^1.7.4",
      "element-ui": "^2.15.1",
      "live2d-widget-model-koharu": "^1.0.5"
    }
  }

yarn manifest: 
  No manifest

Lockfile: 
  No lockfile
